<?xml version="1.0" encoding="UTF-8"?>
<testsuite xmlns:xsi="http://www.w3.org/2001/XMLSchema-instance" xsi:noNamespaceSchemaLocation="https://maven.apache.org/surefire/maven-surefire-plugin/xsd/surefire-test-report.xsd" name="MathTest" time="0.006" tests="12" errors="0" skipped="0" failures="0">
  <properties>
[...]
</properties>
  <testcase name="given_modulo_expression_when_result_is_not_equal_must_return_default" classname="MathTest" time="0"/>
  <testcase name="given_math_expression_with_multiplication_must_be_resolved_first" classname="MathTest" time="0.001"/>
  <testcase name="given_math_expression_when_multiplication_must_be_resolved_first" classname="MathTest" time="0"/>
  <testcase name="given_nonexistent_field_in_expression_must_return_warning" classname="MathTest" time="0.001"/>
  <testcase name="given_modulo_expression_with_nonexistent_left_value_must_return_warning" classname="MathTest" time="0"/>
  <testcase name="given_math_expression_with_constant_multiplication_must_be_resolved_first" classname="MathTest" time="0.001"/>
  <testcase name="given_complex_math_expression_must_be_resolved_correctly" classname="MathTest" time="0"/>
  <testcase name="given_modulo_expression_with_nonexistent_right_value_must_return_warning" classname="MathTest" time="0.001"/>
  <testcase name="given_modulo_expression_must_be_resolved_correctly" classname="MathTest" time="0"/>
  <testcase name="given_division_expression_must_be_resolved_correctly" classname="MathTest" time="0.001"/>
  <testcase name="given_math_expression_with_parenthesis_inner_expression_must_be_resolved_first" classname="MathTest" time="0.001"/>
  <testcase name="given_division_by_zero_must_result_in_warning" classname="MathTest" time="0"/>
</testsuite>